2019-03-20 18:47:30,694 - 31 - DEBUG    - debug message
2019-03-20 18:47:30,695 - 32 - INFO     - info message
2019-03-20 18:47:30,695 - 33 - WARNING  - warn message
2019-03-20 18:47:30,695 - 34 - ERROR    - error message
2019-03-20 18:47:30,696 - 35 - CRITICAL - critical message
2019-03-20 18:47:38,622 - 31 - DEBUG    - debug message
2019-03-20 18:47:38,622 - 32 - INFO     - info message
2019-03-20 18:47:38,622 - 33 - WARNING  - warn message
2019-03-20 18:47:38,622 - 34 - ERROR    - error message
2019-03-20 18:47:38,623 - 35 - CRITICAL - critical message
2019-03-20 18:47:43,447 - 31 - DEBUG    - debug message
2019-03-20 18:47:43,447 - 32 - INFO     - info message
2019-03-20 18:47:43,447 - 33 - WARNING  - warn message
2019-03-20 18:47:43,447 - 34 - ERROR    - error message
2019-03-20 18:47:43,448 - 35 - CRITICAL - critical message
2019-03-20 18:47:52,417 - 31 - DEBUG    - debug message
2019-03-20 18:47:52,417 - 32 - INFO     - info message
2019-03-20 18:47:52,418 - 33 - WARNING  - warn message
2019-03-20 18:47:52,418 - 34 - ERROR    - error message
2019-03-20 18:47:52,418 - 35 - CRITICAL - critical message
